

[31m2020/11/05 14:20:54 [Recovery] 2020/11/05 - 14:20:54 panic recovered:
POST /push/message HTTP/1.1
Host: 127.0.0.1:8081
Accept: */*
Accept-Encoding: gzip, deflate, br
Accept-Language: zh-CN,zh;q=0.9
Appid: 1444832228
Channel: ios
Connection: keep-alive
Content-Length: 84
Content-Type: application/x-www-form-urlencoded
Origin: http://127.0.0.1:8081
Referer: http://127.0.0.1:8081/home/index
Sec-Fetch-Dest: empty
Sec-Fetch-Mode: cors
Sec-Fetch-Site: same-origin
User-Agent: Mozilla/5.0 (Windows NT 10.0; Win64; x64) AppleWebKit/537.36 (KHTML, like Gecko) Chrome/86.0.4240.183 Safari/537.36
X-Requested-With: XMLHttpRequest


{aaaaaaaaaa           }

E:/Go/src/log/log.go:352 (0x68e3e2)
	Panicln: panic(s)
E:/GoPath/src/InformationPush/controllers/push/push_controller.go:138 (0xb665b8)
	Message: log.Panicln(plat)
E:/GoPath/pkg/mod/github.com/gin-gonic/gin@v1.6.3/context.go:161 (0xb40821)
	(*Context).Next: c.handlers[c.index](c)
E:/GoPath/pkg/mod/github.com/gin-gonic/gin@v1.6.3/recovery.go:83 (0xb54cea)
	RecoveryWithWriter.func1: c.Next()
E:/GoPath/pkg/mod/github.com/gin-gonic/gin@v1.6.3/context.go:161 (0xb40821)
	(*Context).Next: c.handlers[c.index](c)
E:/GoPath/pkg/mod/github.com/gin-gonic/gin@v1.6.3/logger.go:241 (0xb53df7)
	LoggerWithConfig.func1: c.Next()
E:/GoPath/pkg/mod/github.com/gin-gonic/gin@v1.6.3/context.go:161 (0xb40821)
	(*Context).Next: c.handlers[c.index](c)
E:/GoPath/pkg/mod/github.com/gin-gonic/gin@v1.6.3/gin.go:409 (0xb4af83)
	(*Engine).handleHTTPRequest: c.Next()
E:/GoPath/pkg/mod/github.com/gin-gonic/gin@v1.6.3/gin.go:367 (0xb4a674)
	(*Engine).ServeHTTP: engine.handleHTTPRequest(c)
E:/Go/src/net/http/server.go:2802 (0x713c5a)
	serverHandler.ServeHTTP: handler.ServeHTTP(rw, req)
E:/Go/src/net/http/server.go:1890 (0x70f42b)
	(*conn).serve: serverHandler{c.server}.ServeHTTP(w, w.req)
E:/Go/src/runtime/asm_amd64.s:1357 (0x45c390)
	goexit: BYTE	$0x90	// NOP
[0m
